[Info  - 17:58:45.295] Reading sessions from keychain...
[Info  - 17:58:45.326] Getting sessions for user:email...
[Info  - 17:58:45.326] Got 0 sessions for user:email...
[Info  - 17:58:45.328] Getting sessions for all scopes...
[Info  - 17:58:45.328] Got 0 sessions for ...
[Info  - 18:32:52.449] Getting sessions for read:user,repo,user:email,workflow...
[Info  - 18:32:52.449] Got 0 sessions for read:user,repo,user:email,workflow...
[Info  - 18:32:58.310] Logging in for the following scopes: read:user repo user:email workflow
[Info  - 18:32:58.317] Trying without local server... (read:user repo user:email workflow)
[Trace  - 18:33:12.802] Handling Uri...
[Info  - 18:33:12.802] Exchanging code for token...
[Info  - 18:33:13.164] Token exchange success!
[Info  - 18:33:13.165] Getting user info...
[Info  - 18:33:13.435] Got account info!
[Info  - 18:33:13.435] Storing 1 sessions...
[Info  - 18:33:13.466] Reading sessions from keychain...
[Info  - 18:33:13.466] Stored 1 sessions!
[Info  - 18:33:13.466] Login success!
[Trace  - 18:33:13.512] Token acquired from secret storage.
[Info  - 18:33:13.513] Got stored sessions!
[Trace  - 18:33:13.513] Read the following session from the keychain with the following scopes: read:user repo user:email workflow
[Info  - 18:33:13.513] Got 1 verified sessions.
[Info  - 18:33:13.513] Getting sessions for user:email...
[Info  - 18:33:13.514] Got 0 sessions for user:email...
